#
# There is insufficient memory for the Java Runtime Environment to continue.
# Native memory allocation (mmap) failed to map 257949696 bytes for G1 virtual space
# Possible reasons:
#   The system is out of physical RAM or swap space
#   The process is running with CompressedOops enabled, and the Java Heap may be blocking the growth of the native heap
# Possible solutions:
#   Reduce memory load on the system
#   Increase physical memory or swap space
#   Check if swap backing store is full
#   Decrease Java heap size (-Xmx/-Xms)
#   Decrease number of Java threads
#   Decrease Java thread stack sizes (-Xss)
#   Set larger code cache with -XX:ReservedCodeCacheSize=
#   JVM is running with Zero Based Compressed Oops mode in which the Java heap is
#     placed in the first 32GB address space. The Java Heap base address is the
#     maximum limit for the native heap growth. Please use -XX:HeapBaseMinAddress
#     to set the Java Heap base and to place the Java Heap above 32GB virtual address.
# This output file may be truncated or incomplete.
#
#  Out of Memory Error (os_windows.cpp:3550), pid=20584, tid=5052
#
# JRE version:  (17.0.6+9) (build )
# Java VM: Java HotSpot(TM) 64-Bit Server VM (17.0.6+9-LTS-190, mixed mode, sharing, tiered, compressed oops, compressed class ptrs, g1 gc, windows-amd64)
# No core dump will be written. Minidumps are not enabled by default on client versions of Windows
#

---------------  S U M M A R Y ------------

Command Line: -javaagent:C:\Program Files\JetBrains\IntelliJ IDEA Community Edition 2023.1\lib\idea_rt.jar=53552:C:\Program Files\JetBrains\IntelliJ IDEA Community Edition 2023.1\bin -Dfile.encoding=UTF-8 Introduction.Cmd 55 5

Host: AMD Ryzen 5 4600H with Radeon Graphics         , 12 cores, 15G,  Windows 11 , 64 bit Build 22621 (10.0.22621.3672)
Time: Sun Jul  7 14:45:38 2024 India Standard Time elapsed time: 0.010160 seconds (0d 0h 0m 0s)

---------------  T H R E A D  ---------------

Current thread (0x0000016a6ecd6f40):  JavaThread "Unknown thread" [_thread_in_vm, id=5052, stack(0x0000006352500000,0x0000006352600000)]

Stack: [0x0000006352500000,0x0000006352600000]
Native frames: (J=compiled Java code, j=interpreted, Vv=VM code, C=native code)
V  [jvm.dll+0x6734ea]
V  [jvm.dll+0x7d18f4]
V  [jvm.dll+0x7d309e]
V  [jvm.dll+0x7d3703]
V  [jvm.dll+0x2433c5]
V  [jvm.dll+0x6703f9]
V  [jvm.dll+0x664d32]
V  [jvm.dll+0x300086]
V  [jvm.dll+0x307606]
V  [jvm.dll+0x356c1e]
V  [jvm.dll+0x356e4f]
V  [jvm.dll+0x2d72e8]
V  [jvm.dll+0x2d8254]
V  [jvm.dll+0x7a33b1]
V  [jvm.dll+0x3647f1]
V  [jvm.dll+0x782839]
V  [jvm.dll+0x3e757f]
V  [jvm.dll+0x3e9001]
C  [jli.dll+0x5297]
C  [ucrtbase.dll+0x29333]
C  [KERNEL32.DLL+0x1257d]
C  [ntdll.dll+0x5af28]


---------------  P R O C E S S  ---------------

Threads class SMR info:
_java_thread_list=0x00007ffa5645e958, length=0, elements={
}

Java Threads: ( => current thread )

Other Threads:
  0x0000016a6ed3fb10 GCTaskThread "GC Thread#0" [stack: 0x0000006352600000,0x0000006352700000] [id=26268]
  0x0000016a6ed4d5d0 ConcurrentGCThread "G1 Main Marker" [stack: 0x0000006352700000,0x0000006352800000] [id=12308]
  0x0000016a6ed4dee0 ConcurrentGCThread "G1 Conc#0" [stack: 0x0000006352800000,0x0000006352900000] [id=15684]

[error occurred during error reporting (printing all threads), id 0xc0000005, EXCEPTION_ACCESS_VIOLATION (0xc0000005) at pc=0x00007ffa55c97f07]

VM state: not at safepoint (not fully initialized)

VM Mutex/Monitor currently owned by a thread:  ([mutex/lock_event])
[0x0000016a6ecd2b20] Heap_lock - owner thread: 0x0000016a6ecd6f40

Heap address: 0x000000070a000000, size: 3936 MB, Compressed Oops mode: Zero based, Oop shift amount: 3

CDS archive(s) mapped at: [0x0000000000000000-0x0000000000000000-0x0000000000000000), size 0, SharedBaseAddress: 0x0000000800000000, ArchiveRelocationMode: 0.
Narrow klass base: 0x0000000000000000, Narrow klass shift: 0, Narrow klass range: 0x0

GC Precious Log:
<Empty>

Heap:
 garbage-first heap   total 0K, used 0K [0x000000070a000000, 0x0000000800000000)
  region size 2048K, 0 young (0K), 0 survivors (0K)

[error occurred during error reporting (printing heap information), id 0xc0000005, EXCEPTION_ACCESS_VIOLATION (0xc0000005) at pc=0x00007ffa5607c759]

GC Heap History (0 events):
No events

Deoptimization events (0 events):
No events

Classes unloaded (0 events):
No events

Classes redefined (0 events):
No events

Internal exceptions (0 events):
No events

VM Operations (0 events):
No events

Events (1 events):
Event: 0.007 Loaded shared library C:\Program Files\Java\jdk-17\bin\java.dll


Dynamic libraries:
0x00007ff7ea810000 - 0x00007ff7ea820000 	C:\Program Files\Java\jdk-17\bin\java.exe
0x00007ffac8f90000 - 0x00007ffac91a7000 	C:\WINDOWS\SYSTEM32\ntdll.dll
0x00007ffac7ec0000 - 0x00007ffac7f84000 	C:\WINDOWS\System32\KERNEL32.DLL
0x00007ffac62f0000 - 0x00007ffac669d000 	C:\WINDOWS\System32\KERNELBASE.dll
0x00007ffac6a60000 - 0x00007ffac6b71000 	C:\WINDOWS\System32\ucrtbase.dll
0x00007ffa9efa0000 - 0x00007ffa9efbb000 	C:\Program Files\Java\jdk-17\bin\VCRUNTIME140.dll
0x00007ffa9eee0000 - 0x00007ffa9eef8000 	C:\Program Files\Java\jdk-17\bin\jli.dll
0x00007ffac6ea0000 - 0x00007ffac6f52000 	C:\WINDOWS\System32\ADVAPI32.dll
0x00007ffac7570000 - 0x00007ffac7617000 	C:\WINDOWS\System32\msvcrt.dll
0x00007ffac7e10000 - 0x00007ffac7eb9000 	C:\WINDOWS\System32\sechost.dll
0x00007ffac6b80000 - 0x00007ffac6ba8000 	C:\WINDOWS\System32\bcrypt.dll
0x00007ffac7450000 - 0x00007ffac7564000 	C:\WINDOWS\System32\RPCRT4.dll
0x00007ffac70c0000 - 0x00007ffac726e000 	C:\WINDOWS\System32\USER32.dll
0x00007ffac62c0000 - 0x00007ffac62e6000 	C:\WINDOWS\System32\win32u.dll
0x00007ffaa2000000 - 0x00007ffaa2293000 	C:\WINDOWS\WinSxS\amd64_microsoft.windows.common-controls_6595b64144ccf1df_6.0.22621.3672_none_2713b9d173822955\COMCTL32.dll
0x00007ffac7a50000 - 0x00007ffac7a79000 	C:\WINDOWS\System32\GDI32.dll
0x00007ffac6bb0000 - 0x00007ffac6cc9000 	C:\WINDOWS\System32\gdi32full.dll
0x00007ffac66a0000 - 0x00007ffac673a000 	C:\WINDOWS\System32\msvcp_win.dll
0x00007ffac1640000 - 0x00007ffac164a000 	C:\WINDOWS\SYSTEM32\VERSION.dll
0x00007ffac7b10000 - 0x00007ffac7b41000 	C:\WINDOWS\System32\IMM32.DLL
0x00007ffac22d0000 - 0x00007ffac22dc000 	C:\Program Files\Java\jdk-17\bin\vcruntime140_1.dll
0x00007ffa81fa0000 - 0x00007ffa8202e000 	C:\Program Files\Java\jdk-17\bin\msvcp140.dll
0x00007ffa559b0000 - 0x00007ffa56587000 	C:\Program Files\Java\jdk-17\bin\server\jvm.dll
0x00007ffac7c50000 - 0x00007ffac7c58000 	C:\WINDOWS\System32\PSAPI.DLL
0x00007ffac1c70000 - 0x00007ffac1ca4000 	C:\WINDOWS\SYSTEM32\WINMM.dll
0x00007ffac11c0000 - 0x00007ffac11c9000 	C:\WINDOWS\SYSTEM32\WSOCK32.dll
0x00007ffac7a80000 - 0x00007ffac7af1000 	C:\WINDOWS\System32\WS2_32.dll
0x00007ffac52f0000 - 0x00007ffac5308000 	C:\WINDOWS\SYSTEM32\kernel.appcore.dll
0x00007ffac21c0000 - 0x00007ffac21ca000 	C:\Program Files\Java\jdk-17\bin\jimage.dll
0x00007ffac3cc0000 - 0x00007ffac3ef2000 	C:\WINDOWS\SYSTEM32\DBGHELP.DLL
0x00007ffac7620000 - 0x00007ffac79a8000 	C:\WINDOWS\System32\combase.dll
0x00007ffac6fe0000 - 0x00007ffac70b7000 	C:\WINDOWS\System32\OLEAUT32.dll
0x00007ffabf310000 - 0x00007ffabf342000 	C:\WINDOWS\SYSTEM32\dbgcore.DLL
0x00007ffac6740000 - 0x00007ffac67bb000 	C:\WINDOWS\System32\bcryptPrimitives.dll
0x00007ffaa9580000 - 0x00007ffaa958e000 	C:\Program Files\Java\jdk-17\bin\instrument.dll
0x00007ffa970f0000 - 0x00007ffa97115000 	C:\Program Files\Java\jdk-17\bin\java.dll

dbghelp: loaded successfully - version: 4.0.5 - missing functions: none
symbol engine: initialized successfully - sym options: 0x614 - pdb path: .;C:\Program Files\Java\jdk-17\bin;C:\WINDOWS\SYSTEM32;C:\WINDOWS\WinSxS\amd64_microsoft.windows.common-controls_6595b64144ccf1df_6.0.22621.3672_none_2713b9d173822955;C:\Program Files\Java\jdk-17\bin\server

VM Arguments:
jvm_args: -javaagent:C:\Program Files\JetBrains\IntelliJ IDEA Community Edition 2023.1\lib\idea_rt.jar=53552:C:\Program Files\JetBrains\IntelliJ IDEA Community Edition 2023.1\bin -Dfile.encoding=UTF-8 
java_command: Introduction.Cmd 55 5
java_class_path (initial): C:\Users\harsh\Desktop\Java Pumo\out\production\Java Pumo
Launcher Type: SUN_STANDARD

[Global flags]
     intx CICompilerCount                          = 4                                         {product} {ergonomic}
     uint ConcGCThreads                            = 3                                         {product} {ergonomic}
     uint G1ConcRefinementThreads                  = 10                                        {product} {ergonomic}
   size_t G1HeapRegionSize                         = 2097152                                   {product} {ergonomic}
    uintx GCDrainStackTargetSize                   = 64                                        {product} {ergonomic}
   size_t InitialHeapSize                          = 257949696                                 {product} {ergonomic}
   size_t MarkStackSize                            = 4194304                                   {product} {ergonomic}
   size_t MaxHeapSize                              = 4127195136                                {product} {ergonomic}
   size_t MinHeapDeltaBytes                        = 2097152                                   {product} {ergonomic}
   size_t MinHeapSize                              = 8388608                                   {product} {ergonomic}
    uintx NonNMethodCodeHeapSize                   = 5839372                                {pd product} {ergonomic}
    uintx NonProfiledCodeHeapSize                  = 122909434                              {pd product} {ergonomic}
    uintx ProfiledCodeHeapSize                     = 122909434                              {pd product} {ergonomic}
    uintx ReservedCodeCacheSize                    = 251658240                              {pd product} {ergonomic}
     bool SegmentedCodeCache                       = true                                      {product} {ergonomic}
   size_t SoftMaxHeapSize                          = 4127195136                             {manageable} {ergonomic}
     bool UseCompressedClassPointers               = true                           {product lp64_product} {ergonomic}
     bool UseCompressedOops                        = true                           {product lp64_product} {ergonomic}
     bool UseG1GC                                  = true                                      {product} {ergonomic}
     bool UseLargePagesIndividualAllocation        = false                                  {pd product} {ergonomic}

Logging:
Log output configuration:
 #0: stdout all=warning uptime,level,tags
 #1: stderr all=off uptime,level,tags

Environment Variables:
JAVA_HOME=C:\Program Files\Java\jdk-17
PATH=C:\Python311\Scripts\;C:\Python311\;C:\Python310\Scripts\;C:\Python310\;C:\Windows\system32;C:\Windows;C:\Windows\System32\Wbem;C:\Windows\System32\WindowsPowerShell\v1.0\;C:\Windows\System32\OpenSSH\;C:\Program Files\NVIDIA Corporation\NVIDIA NvDLISR;C:\Program Files (x86)\Windows Kits\8.1\Windows Performance Toolkit\;C:\Program Files\dotnet\;C:\WINDOWS\system32;C:\WINDOWS;C:\WINDOWS\System32\Wbem;C:\WINDOWS\System32\WindowsPowerShell\v1.0\;C:\WINDOWS\System32\OpenSSH\;C:\MinGW\bin;C:\Azul Zulu;C:\Program Files (x86)\Microsoft SQL Server\160\Tools\Binn\;C:\Program Files\Microsoft SQL Server\160\Tools\Binn\;C:\Program Files\Microsoft SQL Server\Client SDK\ODBC\170\Tools\Binn\;C:\Program Files\Microsoft SQL Server\160\DTS\Binn\;C:\Program Files (x86)\Microsoft SQL Server\160\DTS\Binn\;C:\Program Files\Azure Data Studio\bin;C:\Program Files\Java\jdk-17\bin;C:\Program Files\Common Files\Oracle\Java\javapath;C:\Program Files\MySQL\MySQL Server 8.0\bin;C:\Program Files\nodejs\;C:\ProgramData\chocolatey\bin;C:\Program Files\Git\cmd;C:\Program Files\MySQL\MySQL Shell 8.0\bin\;C:\Users\harsh\AppData\Local\Microsoft\WindowsApps;C:\Users\harsh\.dotnet\tools;C:\Users\harsh\AppData\Local\Programs\Microsoft VS Code\bin;%PyCharm Community Edition%;C:\Program Files\sfdx\bin;C:\Program Files\Azure Data Studio\bin;C:\Users\harsh\AppData\Roaming\npm;C:\Program Files\JetBrains\IntelliJ IDEA Community Edition 2023.1\bin;;C:\Program Files\apache-maven-3.9.1\bin;
USERNAME=harsh
OS=Windows_NT
PROCESSOR_IDENTIFIER=AMD64 Family 23 Model 96 Stepping 1, AuthenticAMD



---------------  S Y S T E M  ---------------

OS:
 Windows 11 , 64 bit Build 22621 (10.0.22621.3672)
OS uptime: 3 days 23:33 hours

CPU: total 12 (initial active 12) (12 cores per cpu, 2 threads per core) family 23 model 96 stepping 1 microcode 0x0, cx8, cmov, fxsr, ht, mmx, 3dnowpref, sse, sse2, sse3, ssse3, sse4a, sse4.1, sse4.2, popcnt, lzcnt, tsc, tscinvbit, avx, avx2, aes, clmul, bmi1, bmi2, adx, sha, fma, vzeroupper, clflush, clflushopt

Memory: 4k page, system-wide physical 15741M (2831M free)
TotalPageFile size 17785M (AvailPageFile size 134M)
current process WorkingSet (physical memory assigned to process): 11M, peak: 11M
current process commit charge ("private bytes"): 64M, peak: 310M

vm_info: Java HotSpot(TM) 64-Bit Server VM (17.0.6+9-LTS-190) for windows-amd64 JRE (17.0.6+9-LTS-190), built on Dec  6 2022 15:53:54 by "mach5one" with MS VC++ 17.1 (VS2022)

END.
